<?xml version="1.0" encoding="UTF-8"?>
<!-- Generated by org.testng.reporters.JUnitReportReporter -->
<testsuite hostname="SoumyaPc" failures="0" tests="1" name="com.hrms.testscripts.TC_002" time="15.860" errors="0" timestamp="22 May 2024 05:30:22 GMT">
  <testcase classname="com.hrms.testscripts.TC_002" name="tc002" time="15.860"/>
</testsuite> <!-- com.hrms.testscripts.TC_002 -->
