<?xml version="1.0" encoding="UTF-8"?>
<!-- Generated by org.testng.reporters.JUnitReportReporter -->
<testsuite hostname="SoumyaPc" failures="0" tests="1" name="com.hrms.testscripts.TC_001" time="14.159" errors="0" timestamp="22 May 2024 05:30:22 GMT">
  <testcase classname="com.hrms.testscripts.TC_001" name="tc001" time="14.159"/>
</testsuite> <!-- com.hrms.testscripts.TC_001 -->
